<?xml version="1.0" encoding="UTF-8"?>
<!-- Generated by org.testng.reporters.JUnitXMLReporter -->
<testsuite hostname="DLLT-6523" ignored="0" name="Default test" tests="3" failures="0" timestamp="29 Jul 2020 01:31:58 GMT" time="22.59" errors="0">
  <testcase name="verifyTitle" time="7.467" classname="com.qa.hubspot.tests.LoginPagetest"/>
  <testcase name="verifySignupLinkisdisplayed" time="0.199" classname="com.qa.hubspot.tests.LoginPagetest"/>
  <testcase name="verifyLogin" time="1.144" classname="com.qa.hubspot.tests.LoginPagetest"/>
</testsuite> <!-- Default test -->
