<?xml version="1.0" encoding="UTF-8"?>
<!-- Generated by org.testng.reporters.JUnitXMLReporter -->
<testsuite hostname="DLLT-6523" ignored="0" name="HubSpot Testing - Homepage" tests="3" failures="1" timestamp="29 Jul 2020 04:23:04 GMT" time="40.191" errors="0">
  <testcase name="verifyHomePageTitle" time="17.564" classname="com.qa.hubspot.tests.HomePageTest"/>
  <testcase name="verifyHomePageHeader" time="0.892" classname="com.qa.hubspot.tests.HomePageTest"/>
  <testcase name="verifyLoggedinAccountName" time="0.097" classname="com.qa.hubspot.tests.HomePageTest">
    <failure type="java.lang.AssertionError" message="expected [aman] but found [null]">
      <![CDATA[java.lang.AssertionError: expected [aman] but found [null]
at com.qa.hubspot.tests.HomePageTest.verifyLoggedinAccountName(HomePageTest.java:56)
... Removed 31 stack frames]]>
    </failure>
  </testcase> <!-- verifyLoggedinAccountName -->
</testsuite> <!-- HubSpot Testing - Homepage -->
