<?xml version="1.0" encoding="UTF-8"?>
<!-- Generated by org.testng.reporters.JUnitXMLReporter -->
<testsuite hostname="DLLT-6523" ignored="0" name="HubSpot Testing - login" tests="3" failures="0" timestamp="29 Jul 2020 04:22:24 GMT" time="30.872" errors="0">
  <testcase name="verifyTitle" time="16.073" classname="com.qa.hubspot.tests.LoginPagetest"/>
  <testcase name="verifySignupLinkisdisplayed" time="0.114" classname="com.qa.hubspot.tests.LoginPagetest"/>
  <testcase name="verifyLogin" time="0.942" classname="com.qa.hubspot.tests.LoginPagetest"/>
</testsuite> <!-- HubSpot Testing - login -->
