<?xml version="1.0" encoding="UTF-8"?>
<!-- Generated by org.testng.reporters.JUnitXMLReporter -->
<testsuite hostname="DLLT-6523" ignored="0" name="HubSpot Feature Testing - login" tests="3" failures="0" timestamp="18 Jul 2020 17:55:16 GMT" time="20.133" errors="0">
  <testcase name="verifyTitle" time="2.475" classname="com.qa.hubspot.tests.LoginPagetest"/>
  <testcase name="verifySignupLinkisdisplayed" time="0.079" classname="com.qa.hubspot.tests.LoginPagetest"/>
  <testcase name="verifyLogin" time="0.816" classname="com.qa.hubspot.tests.LoginPagetest"/>
</testsuite> <!-- HubSpot Feature Testing - login -->
